0 info it worked if it ends with ok
1 verbose cli [ 'node', '/usr/local/bin/npm', 'publish' ]
2 info using npm@2.10.1
3 info using node@v0.12.4
4 verbose node symlink /usr/local/bin/node
5 verbose publish [ '.' ]
6 silly cache add args [ '.', null ]
7 verbose cache add spec .
8 silly cache add parsed spec { raw: '.',
8 silly cache add   scope: null,
8 silly cache add   name: null,
8 silly cache add   rawSpec: '.',
8 silly cache add   spec: '/Users/yuri/www/resize-to-s3',
8 silly cache add   type: 'directory' }
9 verbose addLocalDirectory /Users/yuri/.npm/resize-to-s3/0.1.0/package.tgz not in flight; packing
10 verbose tar pack [ '/Users/yuri/.npm/resize-to-s3/0.1.0/package.tgz',
10 verbose tar pack   '/Users/yuri/www/resize-to-s3' ]
11 verbose tarball /Users/yuri/.npm/resize-to-s3/0.1.0/package.tgz
12 verbose folder /Users/yuri/www/resize-to-s3
13 info prepublish resize-to-s3@0.1.0
14 verbose addLocalTarball adding from inside cache /Users/yuri/.npm/resize-to-s3/0.1.0/package.tgz
15 silly cache afterAdd resize-to-s3@0.1.0
16 verbose afterAdd /Users/yuri/.npm/resize-to-s3/0.1.0/package/package.json not in flight; writing
17 verbose afterAdd /Users/yuri/.npm/resize-to-s3/0.1.0/package/package.json written
18 silly publish { name: 'resize-to-s3',
18 silly publish   version: '0.1.0',
18 silly publish   description: 'Resize Image to various sizes and save stream to Amazon AWS S3',
18 silly publish   main: 'index.js',
18 silly publish   scripts: { test: 'echo \'Error: no test specified\' && exit 1' },
18 silly publish   repository:
18 silly publish    { type: 'git',
18 silly publish      url: 'git+ssh://git@github.com/georgearrowwood/resize-to-s3.git' },
18 silly publish   dependencies:
18 silly publish    { 'aws-sdk': '^2.1.14',
18 silly publish      q: '^1.1.2',
18 silly publish      async: '^0.9.0',
18 silly publish      gm: '^1.18.1' },
18 silly publish   keywords: [ 's3', 'image resize' ],
18 silly publish   author: { name: 'Juri Kalinin', email: 'george.arrowwood@gmail.com' },
18 silly publish   licenses:
18 silly publish    [ { type: 'MIT',
18 silly publish        url: 'https://github.com/georgearrowwood/resize-to-s3/blob/master/LICENSE' } ],
18 silly publish   bugs: { url: 'https://github.com/georgearrowwood/resize-to-s3/issues' },
18 silly publish   readme: '# Resize Image to various sizes and save stream to Amazon AWS S3.\n\n### Install with npm\n\n```shell\nnpm i resize-to-s3\n```\n\n### Use\n\n```javascript\nvar ResizeToS3 = require(\'resize-to-s3\');\n\n// AWS S3 config\nvar conf = {\n  S3: {\n    region: \'eu-west-1\',\n    accessKeyId: \'XXXXXX\',\n    secretAccessKey: \'XXXXXXXXXXXXXX\',\n    bucket: \'bucket-name\'\n  }\n};\n\n// set up resize destinations and file names\nvar destinations = [{\n  width:200, \n  height: 200,\n  key: \'images/small\' // file extension will be added to it\n},\n{\n  width:400, \n  height: 400,\n  key: \'images/bigger\' // file extension will be added to it\n}];\n\nvar resizeToS3 = new ResizeToS3(conf);  \n  \nresizeToS3\n  .loadImage(path.resolve(\'test/media/lina.jpg\'))\n  .then(function(res){ \n    console.log(\'image loaded!\', res);\n    // resize and send stream to s3\n    return resizeToS3.resize(destinations)\n  })\n  .then(function(res){ \n    console.log(\'Images resized and sent to S3!\', res);\n  })\n  .fail(function (err) {\n    console.log(\'Error!\', err)\n  });\n\n```\n\n## [MIT License](https://github.com/georgearrowwood/resize-to-s3/blob/master/LICENSE)',
18 silly publish   readmeFilename: 'README.md',
18 silly publish   gitHead: '031a069ba2fa617e3e1d182b95fd6b7cb7cd524f',
18 silly publish   homepage: 'https://github.com/georgearrowwood/resize-to-s3#readme',
18 silly publish   _id: 'resize-to-s3@0.1.0',
18 silly publish   _shasum: '5d08cf5a79af67486e1b08390d6fd2aaf608fd8e',
18 silly publish   _from: '.' }
19 verbose getPublishConfig undefined
20 silly mapToRegistry name resize-to-s3
21 silly mapToRegistry using default registry
22 silly mapToRegistry registry https://registry.npmjs.org/
23 silly mapToRegistry uri https://registry.npmjs.org/resize-to-s3
24 verbose publish registryBase https://registry.npmjs.org/
25 silly publish uploading /Users/yuri/.npm/resize-to-s3/0.1.0/package.tgz
26 verbose request uri https://registry.npmjs.org/resize-to-s3
27 verbose request sending authorization for write operation
28 info attempt registry request try #1 at 00:41:44
29 verbose request using bearer token for auth
30 verbose request id 796e5c46cbae3822
31 http request PUT https://registry.npmjs.org/resize-to-s3
32 http 403 https://registry.npmjs.org/resize-to-s3
33 verbose headers { 'content-type': 'application/json',
33 verbose headers   'cache-control': 'max-age=60',
33 verbose headers   'content-length': '95',
33 verbose headers   'accept-ranges': 'bytes',
33 verbose headers   date: 'Thu, 04 Jun 2015 23:41:45 GMT',
33 verbose headers   via: '1.1 varnish',
33 verbose headers   connection: 'keep-alive',
33 verbose headers   'x-served-by': 'cache-lhr6334-LHR',
33 verbose headers   'x-cache': 'MISS',
33 verbose headers   'x-cache-hits': '0',
33 verbose headers   'x-timer': 'S1433461304.507838,VS0,VE935' }
34 verbose request invalidating /Users/yuri/.npm/registry.npmjs.org/resize-to-s3 on PUT
35 error publish Failed PUT 403
36 verbose stack Error: "You cannot publish over the previously published version 0.1.0." : resize-to-s3
36 verbose stack     at CachingRegistryClient.<anonymous> (/usr/local/lib/node_modules/npm/node_modules/npm-registry-client/lib/request.js:247:14)
36 verbose stack     at Request._callback (/usr/local/lib/node_modules/npm/node_modules/npm-registry-client/lib/request.js:170:14)
36 verbose stack     at Request.self.callback (/usr/local/lib/node_modules/npm/node_modules/request/request.js:368:22)
36 verbose stack     at Request.emit (events.js:110:17)
36 verbose stack     at Request.<anonymous> (/usr/local/lib/node_modules/npm/node_modules/request/request.js:1219:14)
36 verbose stack     at Request.emit (events.js:129:20)
36 verbose stack     at IncomingMessage.<anonymous> (/usr/local/lib/node_modules/npm/node_modules/request/request.js:1167:12)
36 verbose stack     at IncomingMessage.emit (events.js:129:20)
36 verbose stack     at _stream_readable.js:908:16
36 verbose stack     at process._tickCallback (node.js:355:11)
37 verbose statusCode 403
38 verbose pkgid resize-to-s3
39 verbose cwd /Users/yuri/www/resize-to-s3
40 error Darwin 14.3.0
41 error argv "node" "/usr/local/bin/npm" "publish"
42 error node v0.12.4
43 error npm  v2.10.1
44 error code E403
45 error "You cannot publish over the previously published version 0.1.0." : resize-to-s3
46 error If you need help, you may report this error at:
46 error     <https://github.com/npm/npm/issues>
47 verbose exit [ 1, true ]
